[33mwarn[39m:    --minUptime not set. Defaulting to: 1000ms
[33mwarn[39m:    --spinSleepTime not set. Your script will exit if it does not stay up for at least 1000ms
[32minfo[39m:    Forever processing file: [90mserver_admin.js[39m
(node:24493) Warning: Accessing non-existent property 'padLevels' of module exports inside circular dependency
(Use `node --trace-warnings ...` to show where the warning was created)
(node:24493) Warning: Accessing non-existent property 'padLevels' of module exports inside circular dependency
[31merror[39m:   Cannot start forever
[31merror[39m:   script /data/hntcen/icr/controlRoom_server/server/scripts/icr/restart/server_admin.js does not exist.
[33mwarn[39m:    --minUptime not set. Defaulting to: 1000ms
[33mwarn[39m:    --spinSleepTime not set. Your script will exit if it does not stay up for at least 1000ms
[32minfo[39m:    Forever processing file: [90mserver_admin.js[39m
(node:24494) Warning: Accessing non-existent property 'padLevels' of module exports inside circular dependency
(Use `node --trace-warnings ...` to show where the warning was created)
(node:24494) Warning: Accessing non-existent property 'padLevels' of module exports inside circular dependency
[31merror[39m:   Cannot start forever
[31merror[39m:   script /data/hntcen/icr/controlRoom_server/server/scripts/icr/restart/server_admin.js does not exist.
[33mwarn[39m:    --minUptime not set. Defaulting to: 1000ms
[33mwarn[39m:    --spinSleepTime not set. Your script will exit if it does not stay up for at least 1000ms
[32minfo[39m:    Forever processing file: [90mserver_admin.js[39m
(node:24492) Warning: Accessing non-existent property 'padLevels' of module exports inside circular dependency
(Use `node --trace-warnings ...` to show where the warning was created)
(node:24492) Warning: Accessing non-existent property 'padLevels' of module exports inside circular dependency
[31merror[39m:   Cannot start forever
[31merror[39m:   script /data/hntcen/icr/controlRoom_server/server/scripts/icr/restart/server_admin.js does not exist.
[33mwarn[39m:    --minUptime not set. Defaulting to: 1000ms
[33mwarn[39m:    --spinSleepTime not set. Your script will exit if it does not stay up for at least 1000ms
[32minfo[39m:    Forever processing file: [90mserver_admin.js[39m
(node:24779) Warning: Accessing non-existent property 'padLevels' of module exports inside circular dependency
(Use `node --trace-warnings ...` to show where the warning was created)
(node:24779) Warning: Accessing non-existent property 'padLevels' of module exports inside circular dependency
[31merror[39m:   Cannot start forever
[31merror[39m:   script /data/hntcen/icr/controlRoom_server/server/scripts/icr/restart/server_admin.js does not exist.
[33mwarn[39m:    --minUptime not set. Defaulting to: 1000ms
[33mwarn[39m:    --spinSleepTime not set. Your script will exit if it does not stay up for at least 1000ms
[32minfo[39m:    Forever processing file: [90mserver_admin.js[39m
(node:24781) Warning: Accessing non-existent property 'padLevels' of module exports inside circular dependency
(Use `node --trace-warnings ...` to show where the warning was created)
(node:24781) Warning: Accessing non-existent property 'padLevels' of module exports inside circular dependency
[31merror[39m:   Cannot start forever
[31merror[39m:   script /data/hntcen/icr/controlRoom_server/server/scripts/icr/restart/server_admin.js does not exist.
[33mwarn[39m:    --minUptime not set. Defaulting to: 1000ms
[33mwarn[39m:    --spinSleepTime not set. Your script will exit if it does not stay up for at least 1000ms
[32minfo[39m:    Forever processing file: [90mserver_admin.js[39m
(node:24780) Warning: Accessing non-existent property 'padLevels' of module exports inside circular dependency
(Use `node --trace-warnings ...` to show where the warning was created)
(node:24780) Warning: Accessing non-existent property 'padLevels' of module exports inside circular dependency
[31merror[39m:   Cannot start forever
[31merror[39m:   script /data/hntcen/icr/controlRoom_server/server/scripts/icr/restart/server_admin.js does not exist.
